[2020-05-06T14:56:46.221Z] info Server available on port: 6500.
[2020-05-06T15:00:09.023Z] info Accessed page: users-register
[2020-05-06T15:00:37.043Z] info Accessed page: users-register
[2020-05-06T15:01:09.395Z] info Accessed page: users-register
[2020-05-06T15:02:09.628Z] info Accessed page: users-register
[2020-05-06T15:02:32.328Z] info Accessed page: users-register
[2020-05-06T15:03:59.714Z] info Accessed page: users-register
[2020-05-06T15:04:11.964Z] info Accessed page: users-register
[2020-05-06T15:05:10.125Z] info Accessed page: users-register
[2020-05-06T15:06:38.726Z] info Accessed page: users-register
[2020-05-06T15:07:36.799Z] info Accessed page: users-register
[2020-05-06T15:09:51.682Z] info Accessed page: users-register
[2020-05-06T15:10:39.080Z] info Accessed page: users-register
[2020-05-06T15:11:01.175Z] info Accessed page: users-register
[2020-05-06T15:11:37.798Z] info Accessed page: users-register
[2020-05-06T15:11:54.873Z] info Accessed page: users-register
[2020-05-06T15:12:05.452Z] info Accessed page: users-register
[2020-05-06T15:12:43.929Z] info Accessed page: users-register
[2020-05-06T15:13:02.218Z] info Accessed page: users-register
[2020-05-06T15:13:21.513Z] info Accessed page: users-listen
[2020-05-06T15:13:22.897Z] info Accessed page: users-register
[2020-05-06T15:35:51.505Z] info Server available on port: 6500.
[2020-05-06T15:45:25.702Z] info Server available on port: 6500.
[2020-05-06T15:57:56.905Z] info Server available on port: 6500.
[2020-05-06T15:58:39.596Z] info Server available on port: 6500.
[2020-05-06T15:58:41.930Z] info Accessed page: users-register
[2020-05-06T15:58:55.552Z] info Accessed page: users-register
[2020-05-06T15:59:09.649Z] info Users successfully registered
[2020-05-06T15:59:09.652Z] info Accessed page: users-listen
[2020-05-06T15:59:15.437Z] info Accessed page: users-register
[2020-05-06T16:00:29.897Z] info Accessed page: users-register
[2020-05-06T16:01:27.270Z] info Server available on port: 6500.
[2020-05-06T16:01:28.166Z] info Server available on port: 6500.
[2020-05-06T16:01:49.595Z] info Server available on port: 6500.
[2020-05-06T19:17:27.723Z] info Server available on port: 6500.
[2020-05-06T19:17:45.665Z] info Accessed page: users-register
[2020-05-06T19:18:22.169Z] info Accessed page: users-register
[2020-05-06T19:18:29.179Z] info Accessed page: users-register
[2020-05-06T19:18:38.632Z] info Accessed page: users-register
[2020-05-06T19:18:57.923Z] info Accessed page: users-register
[2020-05-06T19:19:38.232Z] info Accessed page: users-register
[2020-05-06T19:20:23.027Z] info Accessed page: users-register
[2020-05-06T19:20:54.131Z] info Accessed page: users-register
[2020-05-06T19:22:19.934Z] info Accessed page: users-register
[2020-05-06T19:22:20.165Z] info Accessed page: users-register
[2020-05-06T19:22:29.424Z] info Accessed page: users-register
[2020-05-06T19:22:59.920Z] info Server available on port: 6500.
[2020-05-06T19:23:26.298Z] info Server available on port: 6500.
[2020-05-06T19:23:29.833Z] info Accessed page: users-register
[2020-05-06T19:23:33.882Z] info Accessed page: users-register
[2020-05-06T19:23:55.429Z] info Server available on port: 6500.
[2020-05-06T19:23:57.511Z] info Accessed page: users-register
[2020-05-06T19:24:40.850Z] info Server available on port: 6500.
[2020-05-06T19:24:48.106Z] info Server available on port: 6500.
[2020-05-06T19:24:53.004Z] info Accessed page: users-register
[2020-05-06T19:27:01.802Z] info Server available on port: 6500.
[2020-05-06T19:27:18.099Z] info Accessed page: users-register
[2020-05-06T19:27:29.884Z] info Server available on port: 6500.
[2020-05-06T19:27:30.548Z] info Accessed page: users-register
[2020-05-06T19:28:16.845Z] info Accessed page: users-register
[2020-05-06T19:28:32.453Z] info Accessed page: users-register
[2020-05-06T19:30:41.023Z] info Accessed page: users-register
[2020-05-06T19:30:42.288Z] info Accessed page: users-register
[2020-05-06T19:33:10.253Z] info Server available on port: 6500.
[2020-05-06T19:33:32.312Z] info Server available on port: 6500.
[2020-05-06T19:36:00.853Z] info Accessed page: users-register
[2020-05-06T19:36:13.241Z] info Accessed page: users-register
[2020-05-06T19:37:37.356Z] info Accessed page: users-register
[2020-05-06T19:37:43.612Z] info Accessed page: users-register
[2020-05-06T19:38:03.421Z] info Accessed page: users-register
[2020-05-06T19:38:41.683Z] info Server available on port: 6500.
[2020-05-06T19:38:46.009Z] info Accessed page: users-register
[2020-05-06T19:38:59.809Z] info Accessed page: users-register
[2020-05-06T19:39:47.295Z] info Server available on port: 6500.
[2020-05-06T19:40:08.337Z] info Server available on port: 6500.
[2020-05-06T19:40:22.517Z] info Server available on port: 6500.
[2020-05-06T19:40:37.415Z] info Accessed page: users-register
[2020-05-06T19:50:12.961Z] info Accessed page: users-register
[2020-05-06T19:51:29.311Z] info Server available on port: 6500.
[2020-05-06T19:52:00.766Z] info Accessed page: users-register
[2020-05-06T19:52:51.596Z] info Server available on port: 6500.
[2020-05-06T19:53:00.580Z] info Accessed page: users-register
[2020-05-06T19:53:07.411Z] info Accessed page: users-register
[2020-05-06T19:53:27.284Z] info Server available on port: 6500.
[2020-05-06T19:53:28.848Z] info Server available on port: 6500.
[2020-05-06T19:53:40.963Z] info Accessed page: users-register
[2020-05-06T19:54:10.064Z] info Accessed page: users-register
[2020-05-06T19:54:45.318Z] info Server available on port: 6500.
[2020-05-06T19:54:49.052Z] info Server available on port: 6500.
[2020-05-06T19:54:54.392Z] info Accessed page: users-register
[2020-05-06T19:55:11.182Z] info Accessed page: users-register
[2020-05-06T19:55:30.960Z] info Server available on port: 6500.
[2020-05-06T19:55:40.207Z] info Accessed page: users-register
[2020-05-06T19:57:02.820Z] info Server available on port: 6500.
[2020-05-06T19:58:13.471Z] info Accessed page: users-register
[2020-05-06T19:58:24.283Z] info Accessed page: users-register
[2020-05-06T19:58:34.207Z] info Accessed page: users-register
[2020-05-06T19:59:27.286Z] info Server available on port: 6500.
[2020-05-06T19:59:37.960Z] info Accessed page: users-register
[2020-05-06T19:59:48.544Z] info Users successfully registered
[2020-05-06T19:59:48.549Z] info Accessed page: users-listen
[2020-05-06T19:59:52.575Z] info Accessed page: users-register
[2020-05-06T20:02:06.740Z] info Accessed page: users-register
[2020-05-06T20:44:32.211Z] info Server available on port: 6500.
[2020-05-07T02:41:03.933Z] info Server available on port: 6500.
[2020-05-07T02:42:12.395Z] info Accessed page: users-listen
[2020-05-07T02:42:14.242Z] info Accessed page: users-graphing
[2020-05-07T02:43:35.177Z] info Accessed page: users-graphing
[2020-05-07T02:43:54.045Z] info Accessed page: users-graphing
[2020-05-07T02:44:03.469Z] info Accessed page: users-graphing
[2020-05-07T02:44:14.982Z] info Accessed page: users-graphing
[2020-05-07T02:44:37.786Z] info Accessed page: users-graphing
[2020-05-07T02:44:46.371Z] info Accessed page: users-graphing
[2020-05-07T02:45:56.627Z] info Accessed page: users-graphing
[2020-05-07T02:46:13.337Z] info Accessed page: users-graphing
[2020-05-07T02:46:37.191Z] info Accessed page: users-graphing
[2020-05-07T02:46:50.715Z] info Accessed page: users-graphing
[2020-05-07T02:48:08.157Z] info Accessed page: users-graphing
[2020-05-07T02:48:14.271Z] info Accessed page: users-register
[2020-05-07T02:48:54.032Z] info Accessed page: users-register
[2020-05-07T02:50:05.274Z] info Accessed page: users-graphing
[2020-05-07T02:50:25.292Z] info Accessed page: users-graphing
[2020-05-07T02:50:48.346Z] info Accessed page: users-graphing
[2020-05-07T02:51:36.439Z] info Accessed page: users-graphing
[2020-05-07T02:51:56.342Z] info Accessed page: users-graphing
[2020-05-07T02:53:01.129Z] info Accessed page: users-graphing
[2020-05-07T02:53:11.698Z] info Accessed page: users-graphing
[2020-05-07T02:53:24.889Z] info Accessed page: users-graphing
[2020-05-07T02:54:01.042Z] info Accessed page: users-graphing
[2020-05-07T02:54:27.529Z] info Accessed page: users-graphing
[2020-05-07T02:54:40.542Z] info Accessed page: users-graphing
[2020-05-07T02:54:48.311Z] info Accessed page: users-register
[2020-05-07T02:55:01.990Z] info Accessed page: users-graphing
[2020-05-07T02:55:30.360Z] info Accessed page: users-graphing
[2020-05-07T02:56:36.744Z] info Accessed page: users-graphing
[2020-05-07T02:57:09.381Z] info Accessed page: users-listen
[2020-05-07T02:57:12.728Z] info Accessed page: users-graphing
[2020-05-07T02:58:20.064Z] info Accessed page: users-graphing
[2020-05-07T02:58:22.625Z] info Accessed page: users-listen
[2020-05-07T02:58:25.203Z] info Accessed page: users-graphing
[2020-05-07T02:58:25.826Z] info Accessed page: users-graphing
[2020-05-07T02:58:27.635Z] info Accessed page: users-register
[2020-05-07T02:58:50.006Z] info Accessed page: users-graphing
[2020-05-07T02:59:34.801Z] info Accessed page: users-listen
[2020-05-07T02:59:38.594Z] info Accessed page: users-graphing
[2020-05-07T03:01:38.987Z] info Accessed page: users-graphing
[2020-05-07T03:02:27.200Z] info Accessed page: users-graphing
[2020-05-07T03:03:02.086Z] info Accessed page: users-graphing
[2020-05-07T03:03:30.339Z] info Accessed page: users-graphing
[2020-05-07T03:05:27.890Z] info Accessed page: users-graphing
[2020-05-07T03:05:50.484Z] info Accessed page: users-graphing
[2020-05-07T03:06:11.514Z] info Accessed page: users-graphing
[2020-05-07T03:06:31.632Z] info Accessed page: users-graphing
[2020-05-07T03:07:24.356Z] info Accessed page: users-graphing
[2020-05-07T03:07:49.900Z] info Accessed page: users-graphing
[2020-05-07T03:09:20.504Z] info Accessed page: users-graphing
[2020-05-07T03:10:40.830Z] info Accessed page: users-graphing
[2020-05-07T03:10:55.015Z] info Accessed page: users-graphing
[2020-05-07T03:11:20.051Z] info Accessed page: users-graphing
[2020-05-07T03:11:56.804Z] info Accessed page: users-graphing
[2020-05-07T03:13:16.374Z] info Accessed page: users-graphing
[2020-05-07T03:13:47.498Z] info Accessed page: users-graphing
[2020-05-07T03:14:05.061Z] info Accessed page: users-graphing
[2020-05-07T03:14:30.827Z] info Accessed page: users-graphing
[2020-05-07T03:15:45.746Z] info Accessed page: users-graphing
[2020-05-07T03:16:56.937Z] info Accessed page: users-graphing
[2020-05-07T03:17:24.578Z] info Accessed page: users-graphing
[2020-05-07T03:17:57.637Z] info Accessed page: users-graphing
[2020-05-07T03:18:45.421Z] info Accessed page: users-graphing
[2020-05-07T03:19:04.096Z] info Accessed page: users-graphing
[2020-05-07T03:19:19.235Z] info Accessed page: users-graphing
[2020-05-07T03:19:48.576Z] info Accessed page: users-graphing
[2020-05-07T03:19:58.891Z] info Accessed page: users-graphing
[2020-05-07T03:20:11.966Z] info Accessed page: users-graphing
[2020-05-07T03:20:50.373Z] info Accessed page: users-graphing
[2020-05-07T03:22:04.276Z] info Accessed page: users-graphing
[2020-05-07T03:22:56.138Z] info Accessed page: users-graphing
[2020-05-07T03:23:06.468Z] info Accessed page: users-listen
[2020-05-07T03:23:10.459Z] info Accessed page: users-register
[2020-05-07T03:24:03.994Z] info Accessed page: users-graphing
[2020-05-07T03:24:06.844Z] info Accessed page: users-listen
[2020-05-07T03:24:12.823Z] info Accessed page: users-register
[2020-05-07T03:24:30.766Z] info Accessed page: users-graphing
[2020-05-07T03:24:40.607Z] info Accessed page: users-listen
[2020-05-07T03:24:46.969Z] info Accessed page: users-register
[2020-05-07T03:25:28.982Z] info Server available on port: 6500.
[2020-05-07T10:52:09.538Z] info Server available on port: 6500.
[2020-05-07T10:52:11.126Z] info Accessed page: users-graphing
[2020-05-07T10:53:07.681Z] info Accessed page: users-graphing
[2020-05-07T10:53:27.938Z] info Accessed page: users-graphing
[2020-05-07T10:53:53.581Z] info Accessed page: users-graphing
[2020-05-07T10:54:22.555Z] info Accessed page: users-graphing
[2020-05-07T10:56:16.184Z] info Accessed page: users-graphing
[2020-05-07T10:56:31.042Z] info Accessed page: users-graphing
[2020-05-07T10:57:18.205Z] info Accessed page: users-graphing
[2020-05-07T10:57:38.251Z] info Accessed page: users-graphing
[2020-05-07T10:59:12.299Z] info Accessed page: users-graphing
[2020-05-07T10:59:36.829Z] info Accessed page: users-graphing
[2020-05-07T11:01:05.004Z] info Accessed page: users-graphing
[2020-05-07T11:01:58.749Z] info Accessed page: users-graphing
[2020-05-07T11:02:42.680Z] info Accessed page: users-graphing
[2020-05-07T11:03:12.418Z] info Accessed page: users-graphing
[2020-05-07T11:03:37.139Z] info Accessed page: users-graphing
[2020-05-07T11:03:58.223Z] info Accessed page: users-graphing
[2020-05-07T11:06:27.233Z] info Accessed page: users-graphing
[2020-05-07T11:06:54.246Z] info Accessed page: users-graphing
[2020-05-07T11:07:07.407Z] info Accessed page: users-graphing
[2020-05-07T11:08:02.076Z] info Accessed page: users-graphing
[2020-05-07T11:08:13.761Z] info Accessed page: users-graphing
[2020-05-07T11:09:35.006Z] info Accessed page: users-graphing
[2020-05-07T11:10:23.874Z] info Accessed page: users-graphing
[2020-05-07T11:10:47.049Z] info Accessed page: users-graphing
[2020-05-07T11:11:09.997Z] info Accessed page: users-graphing
[2020-05-07T11:11:42.352Z] info Accessed page: users-graphing
[2020-05-07T11:12:09.982Z] info Accessed page: users-graphing
[2020-05-07T11:12:48.584Z] info Accessed page: users-graphing
[2020-05-07T11:13:17.163Z] info Accessed page: users-graphing
[2020-05-07T11:23:45.116Z] info Accessed page: users-graphing
[2020-05-07T11:24:20.517Z] info Accessed page: users-graphing
[2020-05-07T11:25:39.338Z] info Accessed page: users-graphing
[2020-05-07T11:25:58.517Z] info Accessed page: users-graphing
[2020-05-07T11:26:12.735Z] info Accessed page: users-graphing
[2020-05-07T11:26:41.319Z] info Accessed page: users-graphing
[2020-05-07T11:27:42.242Z] info Accessed page: users-graphing
[2020-05-07T11:29:27.322Z] info Accessed page: users-graphing
[2020-05-07T11:29:37.156Z] info Accessed page: users-graphing
[2020-05-07T11:30:01.042Z] info Accessed page: users-graphing
[2020-05-07T11:30:43.884Z] info Accessed page: users-graphing
[2020-05-07T11:31:01.518Z] info Accessed page: users-graphing
[2020-05-07T11:31:06.376Z] info Accessed page: users-graphing
[2020-05-07T11:31:26.681Z] info Accessed page: users-graphing
[2020-05-07T11:32:19.739Z] info Accessed page: users-graphing
[2020-05-07T11:34:06.696Z] info Accessed page: users-graphing
[2020-05-07T11:34:35.965Z] info Accessed page: users-graphing
[2020-05-07T11:34:56.363Z] info Accessed page: users-graphing
[2020-05-07T11:35:54.405Z] info Accessed page: users-graphing
[2020-05-07T11:37:54.864Z] info Accessed page: users-graphing
[2020-05-07T11:38:07.851Z] info Accessed page: users-graphing
[2020-05-07T11:38:48.790Z] info Accessed page: users-graphing
[2020-05-07T11:41:20.068Z] info Accessed page: users-graphing
[2020-05-07T11:41:43.723Z] info Accessed page: users-graphing
[2020-05-07T11:43:10.858Z] info Accessed page: users-graphing
[2020-05-07T11:43:25.106Z] info Accessed page: users-graphing
[2020-05-07T11:44:48.349Z] info Accessed page: users-graphing
[2020-05-07T11:45:57.832Z] info Accessed page: users-graphing
[2020-05-07T11:46:16.579Z] info Accessed page: users-graphing
[2020-05-07T11:47:22.936Z] info Accessed page: users-graphing
[2020-05-07T11:48:02.084Z] info Accessed page: users-graphing
[2020-05-07T11:48:12.720Z] info Accessed page: users-graphing
[2020-05-07T11:49:35.738Z] info Accessed page: users-graphing
[2020-05-07T11:50:27.526Z] info Accessed page: users-graphing
[2020-05-07T11:50:59.631Z] info Accessed page: users-graphing
[2020-05-07T11:51:25.872Z] info Accessed page: users-graphing
[2020-05-07T11:52:03.324Z] info Accessed page: users-graphing
[2020-05-07T11:52:31.341Z] info Accessed page: users-graphing
[2020-05-07T11:52:56.658Z] info Accessed page: users-graphing
[2020-05-07T11:54:15.492Z] info Accessed page: users-graphing
[2020-05-07T11:56:53.479Z] info Accessed page: users-graphing
[2020-05-07T11:58:51.430Z] info Accessed page: users-graphing
[2020-05-07T12:00:34.145Z] info Accessed page: users-graphing
[2020-05-07T12:02:15.800Z] info Accessed page: users-graphing
[2020-05-07T12:03:52.674Z] info Accessed page: users-graphing
[2020-05-07T12:05:03.066Z] info Accessed page: users-graphing
[2020-05-07T12:05:51.863Z] info Accessed page: users-graphing
[2020-05-07T12:06:15.252Z] info Accessed page: users-graphing
[2020-05-07T12:07:02.900Z] info Accessed page: users-graphing
[2020-05-07T12:07:19.078Z] info Accessed page: users-graphing
[2020-05-07T12:08:23.273Z] info Accessed page: users-listen
[2020-05-07T12:08:25.926Z] info Accessed page: users-register
[2020-05-07T12:08:32.850Z] info Accessed page: users-graphing
[2020-05-07T12:09:26.834Z] info Accessed page: users-register
[2020-05-07T12:09:57.381Z] info Accessed page: users-register
[2020-05-07T12:09:59.019Z] info Accessed page: users-listen
[2020-05-07T12:10:00.225Z] info Accessed page: users-listen
[2020-05-07T12:10:03.173Z] info Accessed page: users-graphing
[2020-05-07T12:15:08.137Z] info Accessed page: users-graphing
[2020-05-07T12:16:36.000Z] info Accessed page: users-graphing
[2020-05-07T12:17:46.292Z] info Accessed page: users-listen
[2020-05-07T12:17:49.181Z] info Accessed page: users-register
[2020-05-07T12:40:17.650Z] info Accessed page: users-graphing
[2020-05-07T13:21:37.237Z] info Server available on port: 6500.
[2020-05-07T13:22:06.420Z] info Server available on port: 6500.
[2020-05-07T13:23:28.894Z] info Server available on port: 6500.
[2020-05-07T13:23:47.101Z] info Server available on port: 6500.
[2020-05-07T13:24:05.753Z] info Server available on port: 6500.
[2020-05-07T13:24:14.138Z] info Server available on port: 6500.
[2020-05-07T13:25:15.146Z] info Server available on port: 6500.
[2020-05-07T13:25:40.280Z] info Accessed page: users-register
[2020-05-07T13:25:49.889Z] info Accessed page: users-graphing
[2020-05-07T13:27:01.092Z] info Server available on port: 6500.
[2020-05-07T13:27:09.715Z] info Accessed page: users-graphing
[2020-05-07T13:27:24.711Z] info Accessed page: users-register
[2020-05-07T13:27:55.840Z] info Server available on port: 6500.
[2020-05-07T13:28:00.201Z] info Accessed page: users-register
[2020-05-07T13:28:31.791Z] info Server available on port: 6500.
[2020-05-07T13:28:55.164Z] info Accessed page: users-graphing
[2020-05-07T13:30:40.828Z] info Server available on port: 6500.
[2020-05-07T13:31:06.677Z] info Accessed page: users-graphing
[2020-05-07T13:31:24.991Z] info Server available on port: 6500.
[2020-05-07T13:31:30.074Z] info Accessed page: users-graphing
[2020-05-07T13:31:45.814Z] info Server available on port: 6500.
[2020-05-07T13:31:50.728Z] info Accessed page: users-graphing
[2020-05-07T13:34:31.753Z] info Server available on port: 6500.
[2020-05-07T13:34:41.991Z] info Accessed page: users-graphing
[2020-05-07T13:35:53.343Z] info Server available on port: 6500.
[2020-05-07T13:36:40.659Z] info Server available on port: 6500.
[2020-05-07T13:37:10.751Z] info Accessed page: users-graphing
[2020-05-07T13:37:14.109Z] info Server available on port: 6500.
[2020-05-07T13:37:18.431Z] info Accessed page: users-graphing
[2020-05-07T13:37:21.812Z] info Accessed page: users-listen
[2020-05-07T13:37:58.753Z] info Server available on port: 6500.
[2020-05-07T13:41:57.125Z] info Server available on port: 6500.
[2020-05-07T13:42:12.556Z] info Server available on port: 6500.
[2020-05-07T13:44:07.121Z] info Server available on port: 6500.
[2020-05-07T13:47:05.937Z] info Server available on port: 6500.
[2020-05-07T13:50:41.566Z] info Server available on port: 6500.
[2020-05-07T13:51:09.042Z] info Accessed page: users-graphing
[2020-05-07T13:52:42.254Z] info Server available on port: 6500.
[2020-05-07T13:53:16.073Z] info Server available on port: 6500.
[2020-05-07T13:54:47.740Z] info Server available on port: 6500.
[2020-05-07T13:55:04.960Z] info Server available on port: 6500.
[2020-05-07T13:55:11.283Z] info Server available on port: 6500.
[2020-05-07T13:55:49.736Z] info Server available on port: 6500.
[2020-05-07T13:55:52.292Z] info Server available on port: 6500.
[2020-05-07T13:56:09.818Z] info Server available on port: 6500.
[2020-05-07T13:56:24.589Z] info Server available on port: 6500.
[2020-05-07T13:56:49.901Z] info Server available on port: 6500.
[2020-05-07T13:57:14.639Z] info Server available on port: 6500.
[2020-05-07T13:58:07.612Z] info Server available on port: 6500.
[2020-05-07T13:58:15.882Z] info Server available on port: 6500.
[2020-05-07T13:58:55.167Z] info Server available on port: 6500.
[2020-05-07T13:59:30.275Z] info Server available on port: 6500.
[2020-05-07T13:59:35.222Z] info Server available on port: 6500.
[2020-05-07T14:00:04.425Z] info Accessed page: users-graphing
[2020-05-07T21:38:27.381Z] info Server available on port: 6500.
